app/build/outputs/logs/manifest-merger-release-report.txt
-- Merging decision tree log ---
provider#android.support.v4.content.FileProvider
INJECTED from src\main\AndroidManifest.xml:137:9-145:20
	android:grantUriPermissions
		ADDED from src\main\AndroidManifest.xml:141:13-47
	android:authorities
		INJECTED from src\main\AndroidManifest.xml
		ADDED from src\main\AndroidManifest.xml:139:13-60
	android:exported
		ADDED from src\main\AndroidManifest.xml:140:13-37
	android:name
		ADDED from src\main\AndroidManifest.xml:138:13-67
provider#com.google.firebase.provider.FirebaseInitProvider
INJECTED from src\main\AndroidManifest.xml:147:9-150:34
REJECTED from [com.google.firebase:firebase-common:15.0.0] AndroidManifest.xml:8:9-12:39
	tools:node
		ADDED from src\main\AndroidManifest.xml:150:13-32
	android:authorities
		INJECTED from src\main\AndroidManifest.xml
		ADDED from src\main\AndroidManifest.xml:147:19-78
	android:exported
		ADDED from src\main\AndroidManifest.xml:149:13-37
	android:name
		ADDED from src\main\AndroidManifest.xml:148:13-77
manifest
ADDED from src\main\AndroidManifest.xml:2:1-155:12
INJECTED from src\main\AndroidManifest.xml:2:1-155:12
INJECTED from src\main\AndroidManifest.xml:2:1-155:12
INJECTED from src\main\AndroidManifest.xml:2:1-155:12
MERGED from [com.devbrackets.android:exomedia:4.0.3] AndroidManifest.xml:2:1-14:12
MERGED from [com.google.android.exoplayer:exoplayer:r2.4.3] AndroidManifest.xml:17:1-25:12
MERGED from [com.cleveroad:audiovisualization:1.0.0] AndroidManifest.xml:2:1-12:12
MERGED from [com.squareup.picasso:picasso:2.71828] AndroidManifest.xml:2:1-14:12
MERGED from [com.onesignal:OneSignal:3.15.0] AndroidManifest.xml:2:1-122:12
MERGED from [com.duolingo.open:rtl-viewpager:1.0.2] AndroidManifest.xml:17:1-25:12
MERGED from [com.github.chrisbanes:PhotoView:1.3.0] AndroidManifest.xml:2:1-12:12
MERGED from [com.android.support:multidex:1.0.3] AndroidManifest.xml:17:1-22:12
MERGED from [com.android.support:cardview-v7:27.1.1] AndroidManifest.xml:17:1-22:12
MERGED from [com.android.support:design:27.1.1] AndroidManifest.xml:17:1-22:12
MERGED from [com.google.android.gms:play-services-oss-licenses:15.0.0] AndroidManifest.xml:17:1-29:12
MERGED from [com.android.support:appcompat-v7:27.1.1] AndroidManifest.xml:17:1-22:12
MERGED from [com.android.support:recyclerview-v7:27.1.1] AndroidManifest.xml:17:1-22:12
MERGED from [com.google.android.gms:play-services-gcm:15.0.0] AndroidManifest.xml:17:1-28:12
MERGED from [com.google.android.gms:play-services-ads:15.0.0] AndroidManifest.xml:17:1-25:12
MERGED from [com.google.android.gms:play-services-maps:15.0.0] AndroidManifest.xml:17:1-32:12
MERGED from [com.google.firebase:firebase-messaging:15.0.0] AndroidManifest.xml:17:1-37:12
MERGED from [com.google.android.gms:play-services-location:15.0.0] AndroidManifest.xml:2:1-9:12
MERGED from [com.google.firebase:firebase-analytics-impl:15.0.0] AndroidManifest.xml:17:1-41:12
MERGED from [com.google.android.gms:play-services-ads-identifier:15.0.0] AndroidManifest.xml:17:1-24:12
MERGED from [com.google.android.gms:play-services-iid:15.0.0] AndroidManifest.xml:17:1-28:12
MERGED from [com.google.android.gms:play-services-base:15.0.0] AndroidManifest.xml:17:1-29:12
MERGED from [com.google.firebase:firebase-iid:15.0.0] AndroidManifest.xml:17:1-59:12
MERGED from [com.google.android.gms:play-services-stats:15.0.0] AndroidManifest.xml:2:1-9:12
MERGED from [com.google.android.gms:play-services-ads-lite:15.0.0] AndroidManifest.xml:17:1-36:12
MERGED from [com.google.android.gms:play-services-gass:15.0.0] AndroidManifest.xml:2:1-9:12
MERGED from [com.google.firebase:firebase-common:15.0.0] AndroidManifest.xml:2:1-15:12
MERGED from [com.google.android.gms:play-services-tasks:15.0.0] AndroidManifest.xml:2:1-9:12
MERGED from [com.google.android.gms:play-services-places-placereport:15.0.0] AndroidManifest.xml:17:1-24:12
MERGED from [com.google.android.gms:play-services-basement:15.0.0] AndroidManifest.xml:17:1-28:12
MERGED from [com.android.support:support-v4:27.1.1] AndroidManifest.xml:17:1-22:12
MERGED from [com.google.android.exoplayer:exoplayer-dash:r2.4.3] AndroidManifest.xml:17:1-25:12
MERGED from [com.android.support:support-fragment:27.1.1] AndroidManifest.xml:17:1-22:12
MERGED from [com.android.support:customtabs:27.1.1] AndroidManifest.xml:17:1-22:12
MERGED from [com.android.support:animated-vector-drawable:27.1.1] AndroidManifest.xml:17:1-22:12
MERGED from [com.android.support:support-core-ui:27.1.1] AndroidManifest.xml:17:1-22:12
MERGED from [com.android.support:support-core-utils:27.1.1] AndroidManifest.xml:17:1-22:12
MERGED from [com.android.support:support-media-compat:27.1.1] AndroidManifest.xml:17:1-22:12
MERGED from [com.google.maps.android:android-maps-utils:0.5] AndroidManifest.xml:2:1-13:12
MERGED from [com.google.android.exoplayer:exoplayer-hls:r2.4.3] AndroidManifest.xml:17:1-25:12
MERGED from [com.google.android.exoplayer:exoplayer-smoothstreaming:r2.4.3] AndroidManifest.xml:17:1-25:12
MERGED from [com.google.android.exoplayer:exoplayer-ui:r2.4.3] AndroidManifest.xml:17:1-25:12
MERGED from [com.google.android.exoplayer:exoplayer-core:r2.4.3] AndroidManifest.xml:17:1-25:12
MERGED from [com.android.support:exifinterface:27.1.1] AndroidManifest.xml:17:1-22:12
MERGED from [com.android.support:support-vector-drawable:27.1.1] AndroidManifest.xml:17:1-22:12
MERGED from [com.android.support:transition:27.1.1] AndroidManifest.xml:17:1-22:12
MERGED from [com.android.support:support-compat:27.1.1] AndroidManifest.xml:17:1-22:12
MERGED from [com.google.android.gms:play-services-ads-base:15.0.0] AndroidManifest.xml:17:1-24:12
MERGED from [com.google.android.gms:play-services-measurement-base:15.0.0] AndroidManifest.xml:17:1-24:12
MERGED from [android.arch.lifecycle:livedata-core:1.1.0] AndroidManifest.xml:17:1-22:12
MERGED from [android.arch.lifecycle:viewmodel:1.1.0] AndroidManifest.xml:17:1-22:12
MERGED from [android.arch.lifecycle:runtime:1.1.0] AndroidManifest.xml:17:1-22:12
MERGED from [android.arch.core:runtime:1.1.0] AndroidManifest.xml:17:1-22:12
INJECTED from src\main\AndroidManifest.xml:2:1-155:12
INJECTED from src\main\AndroidManifest.xml:2:1-155:12
INJECTED from src\main\AndroidManifest.xml:2:1-155:12
	package
		ADDED from src\main\AndroidManifest.xml:4:5-36
		INJECTED from src\main\AndroidManifest.xml
		INJECTED from src\main\AndroidManifest.xml
	android:versionName
		ADDED from src\main\AndroidManifest.xml:6:5-30
		INJECTED from src\main\AndroidManifest.xml
		INJECTED from src\main\AndroidManifest.xml
	xmlns:tools
		ADDED from src\main\AndroidManifest.xml:3:5-51
	xmlns:android
		ADDED from src\main\AndroidManifest.xml:2:11-69
	android:versionCode
		ADDED from src\main\AndroidManifest.xml:5:5-29
		INJECTED from src\main\AndroidManifest.xml
		INJECTED from src\main\AndroidManifest.xml
uses-permission#android.permission.ACCESS_WIFI_STATE
ADDED from src\main\AndroidManifest.xml:9:5-76
	android:name
		ADDED from src\main\AndroidManifest.xml:9:22-73
uses-permission#android.permission.ACCESS_NETWORK_STATE
ADDED from src\main\AndroidManifest.xml:10:5-79
MERGED from [com.onesignal:OneSignal:3.15.0] AndroidManifest.xml:24:5-79
MERGED from [com.onesignal:OneSignal:3.15.0] AndroidManifest.xml:24:5-79
MERGED from [com.google.android.gms:play-services-maps:15.0.0] AndroidManifest.xml:23:5-79
MERGED from [com.google.android.gms:play-services-maps:15.0.0] AndroidManifest.xml:23:5-79
MERGED from [com.google.firebase:firebase-analytics-impl:15.0.0] AndroidManifest.xml:24:5-79
MERGED from [com.google.firebase:firebase-analytics-impl:15.0.0] AndroidManifest.xml:24:5-79
MERGED from [com.google.firebase:firebase-iid:15.0.0] AndroidManifest.xml:22:5-79
MERGED from [com.google.firebase:firebase-iid:15.0.0] AndroidManifest.xml:22:5-79
MERGED from [com.google.android.gms:play-services-ads-lite:15.0.0] AndroidManifest.xml:24:5-79
MERGED from [com.google.android.gms:play-services-ads-lite:15.0.0] AndroidManifest.xml:24:5-79
	android:name
		ADDED from src\main\AndroidManifest.xml:10:22-76
uses-permission#android.permission.INTERNET
ADDED from src\main\AndroidManifest.xml:11:5-67
MERGED from [com.onesignal:OneSignal:3.15.0] AndroidManifest.xml:16:5-67
MERGED from [com.onesignal:OneSignal:3.15.0] AndroidManifest.xml:16:5-67
MERGED from [com.google.android.gms:play-services-gcm:15.0.0] AndroidManifest.xml:24:5-67
MERGED from [com.google.android.gms:play-services-gcm:15.0.0] AndroidManifest.xml:24:5-67
MERGED from [com.google.android.gms:play-services-maps:15.0.0] AndroidManifest.xml:24:5-67
MERGED from [com.google.android.gms:play-services-maps:15.0.0] AndroidManifest.xml:24:5-67
MERGED from [com.google.firebase:firebase-analytics-impl:15.0.0] AndroidManifest.xml:23:5-67
MERGED from [com.google.firebase:firebase-analytics-impl:15.0.0] AndroidManifest.xml:23:5-67
MERGED from [com.google.android.gms:play-services-iid:15.0.0] AndroidManifest.xml:24:5-67
MERGED from [com.google.android.gms:play-services-iid:15.0.0] AndroidManifest.xml:24:5-67
MERGED from [com.google.firebase:firebase-iid:15.0.0] AndroidManifest.xml:23:5-67
MERGED from [com.google.firebase:firebase-iid:15.0.0] AndroidManifest.xml:23:5-67
MERGED from [com.google.android.gms:play-services-ads-lite:15.0.0] AndroidManifest.xml:23:5-67
MERGED from [com.google.android.gms:play-services-ads-lite:15.0.0] AndroidManifest.xml:23:5-67
	android:name
		ADDED from src\main\AndroidManifest.xml:11:22-64
uses-permission#android.permission.WRITE_EXTERNAL_STORAGE
ADDED from src\main\AndroidManifest.xml:13:5-81
	android:name
		ADDED from src\main\AndroidManifest.xml:13:22-78
uses-permission#android.permission.READ_EXTERNAL_STORAGE
ADDED from src\main\AndroidManifest.xml:14:5-80
	android:name
		ADDED from src\main\AndroidManifest.xml:14:22-77
uses-permission#android.permission.WAKE_LOCK
ADDED from src\main\AndroidManifest.xml:17:5-68
MERGED from [com.onesignal:OneSignal:3.15.0] AndroidManifest.xml:18:5-68
MERGED from [com.onesignal:OneSignal:3.15.0] AndroidManifest.xml:18:5-68
MERGED from [com.google.firebase:firebase-analytics-impl:15.0.0] AndroidManifest.xml:25:5-68
MERGED from [com.google.firebase:firebase-analytics-impl:15.0.0] AndroidManifest.xml:25:5-68
MERGED from [com.google.firebase:firebase-iid:15.0.0] AndroidManifest.xml:24:5-68
MERGED from [com.google.firebase:firebase-iid:15.0.0] AndroidManifest.xml:24:5-68
	android:name
		ADDED from src\main\AndroidManifest.xml:17:22-65
uses-permission#com.google.android.providers.gsf.permission.READ_GSERVICES
ADDED from src\main\AndroidManifest.xml:19:5-98
	android:name
		ADDED from src\main\AndroidManifest.xml:19:22-95
uses-permission#android.permission.ACCESS_FINE_LOCATION
ADDED from src\main\AndroidManifest.xml:20:5-79
	android:name
		ADDED from src\main\AndroidManifest.xml:20:22-76
uses-permission#android.permission.RECORD_AUDIO
ADDED from src\main\AndroidManifest.xml:22:5-71
	android:name
		ADDED from src\main\AndroidManifest.xml:22:22-68
uses-permission#android.permission.MODIFY_AUDIO_SETTINGS
ADDED from src\main\AndroidManifest.xml:23:5-80
	android:name
		ADDED from src\main\AndroidManifest.xml:23:22-77
uses-permission#android.permission.READ_PHONE_STATE
ADDED from src\main\AndroidManifest.xml:24:5-75
	android:name
		ADDED from src\main\AndroidManifest.xml:24:22-72
uses-permission#android.permission.SET_WALLPAPER
ADDED from src\main\AndroidManifest.xml:26:5-72
	android:name
		ADDED from src\main\AndroidManifest.xml:26:22-69
uses-permission#com.android.vending.BILLING
ADDED from src\main\AndroidManifest.xml:28:5-67
	android:name
		ADDED from src\main\AndroidManifest.xml:28:22-64
uses-feature#0x00020000
ADDED from src\main\AndroidManifest.xml:30:5-32:35
MERGED from [com.google.android.gms:play-services-maps:15.0.0] AndroidManifest.xml:26:5-28:35
MERGED from [com.google.android.gms:play-services-maps:15.0.0] AndroidManifest.xml:26:5-28:35
	android:glEsVersion
		ADDED from src\main\AndroidManifest.xml:31:9-41
	android:required
		ADDED from src\main\AndroidManifest.xml:32:9-32
application
ADDED from src\main\AndroidManifest.xml:34:5-153:19
MERGED from [com.devbrackets.android:exomedia:4.0.3] AndroidManifest.xml:12:5-20
MERGED from [com.devbrackets.android:exomedia:4.0.3] AndroidManifest.xml:12:5-20
MERGED from [com.squareup.picasso:picasso:2.71828] AndroidManifest.xml:7:5-12:19
MERGED from [com.squareup.picasso:picasso:2.71828] AndroidManifest.xml:7:5-12:19
MERGED from [com.onesignal:OneSignal:3.15.0] AndroidManifest.xml:48:5-120:19
MERGED from [com.onesignal:OneSignal:3.15.0] AndroidManifest.xml:48:5-120:19
MERGED from [com.google.android.gms:play-services-oss-licenses:15.0.0] AndroidManifest.xml:22:5-27:19
MERGED from [com.google.android.gms:play-services-oss-licenses:15.0.0] AndroidManifest.xml:22:5-27:19
MERGED from [com.google.android.gms:play-services-gcm:15.0.0] AndroidManifest.xml:26:5-20
MERGED from [com.google.android.gms:play-services-gcm:15.0.0] AndroidManifest.xml:26:5-20
MERGED from [com.google.android.gms:play-services-maps:15.0.0] AndroidManifest.xml:30:5-20
MERGED from [com.google.android.gms:play-services-maps:15.0.0] AndroidManifest.xml:30:5-20
MERGED from [com.google.firebase:firebase-messaging:15.0.0] AndroidManifest.xml:22:5-35:19
MERGED from [com.google.firebase:firebase-messaging:15.0.0] AndroidManifest.xml:22:5-35:19
MERGED from [com.google.android.gms:play-services-location:15.0.0] AndroidManifest.xml:7:5-20
MERGED from [com.google.android.gms:play-services-location:15.0.0] AndroidManifest.xml:7:5-20
MERGED from [com.google.firebase:firebase-analytics-impl:15.0.0] AndroidManifest.xml:28:5-39:19
MERGED from [com.google.firebase:firebase-analytics-impl:15.0.0] AndroidManifest.xml:28:5-39:19
MERGED from [com.google.android.gms:play-services-ads-identifier:15.0.0] AndroidManifest.xml:22:5-20
MERGED from [com.google.android.gms:play-services-ads-identifier:15.0.0] AndroidManifest.xml:22:5-20
MERGED from [com.google.android.gms:play-services-iid:15.0.0] AndroidManifest.xml:26:5-20
MERGED from [com.google.android.gms:play-services-iid:15.0.0] AndroidManifest.xml:26:5-20
MERGED from [com.google.android.gms:play-services-base:15.0.0] AndroidManifest.xml:22:5-27:19
MERGED from [com.google.android.gms:play-services-base:15.0.0] AndroidManifest.xml:22:5-27:19
MERGED from [com.google.firebase:firebase-iid:15.0.0] AndroidManifest.xml:34:5-57:19
MERGED from [com.google.firebase:firebase-iid:15.0.0] AndroidManifest.xml:34:5-57:19
MERGED from [com.google.android.gms:play-services-stats:15.0.0] AndroidManifest.xml:7:5-20
MERGED from [com.google.android.gms:play-services-stats:15.0.0] AndroidManifest.xml:7:5-20
MERGED from [com.google.android.gms:play-services-ads-lite:15.0.0] AndroidManifest.xml:26:5-34:19
MERGED from [com.google.android.gms:play-services-ads-lite:15.0.0] AndroidManifest.xml:26:5-34:19
MERGED from [com.google.android.gms:play-services-gass:15.0.0] AndroidManifest.xml:7:5-20
MERGED from [com.google.android.gms:play-services-gass:15.0.0] AndroidManifest.xml:7:5-20
MERGED from [com.google.firebase:firebase-common:15.0.0] AndroidManifest.xml:7:5-13:19
MERGED from [com.google.firebase:firebase-common:15.0.0] AndroidManifest.xml:7:5-13:19
MERGED from [com.google.android.gms:play-services-tasks:15.0.0] AndroidManifest.xml:7:5-20
MERGED from [com.google.android.gms:play-services-tasks:15.0.0] AndroidManifest.xml:7:5-20
MERGED from [com.google.android.gms:play-services-places-placereport:15.0.0] AndroidManifest.xml:22:5-20
MERGED from [com.google.android.gms:play-services-places-placereport:15.0.0] AndroidManifest.xml:22:5-20
MERGED from [com.google.android.gms:play-services-basement:15.0.0] AndroidManifest.xml:22:5-26:19
MERGED from [com.google.android.gms:play-services-basement:15.0.0] AndroidManifest.xml:22:5-26:19
MERGED from [com.google.maps.android:android-maps-utils:0.5] AndroidManifest.xml:7:5-11:19
MERGED from [com.google.maps.android:android-maps-utils:0.5] AndroidManifest.xml:7:5-11:19
MERGED from [com.google.android.gms:play-services-ads-base:15.0.0] AndroidManifest.xml:22:5-20
MERGED from [com.google.android.gms:play-services-ads-base:15.0.0] AndroidManifest.xml:22:5-20
MERGED from [com.google.android.gms:play-services-measurement-base:15.0.0] AndroidManifest.xml:22:5-20
MERGED from [com.google.android.gms:play-services-measurement-base:15.0.0] AndroidManifest.xml:22:5-20
	android:supportsRtl
		ADDED from src\main\AndroidManifest.xml:39:9-35
	android:label
		ADDED from src\main\AndroidManifest.xml:38:9-41
	android:icon
		ADDED from src\main\AndroidManifest.xml:37:9-45
	android:allowBackup
		ADDED from src\main\AndroidManifest.xml:36:9-35
	android:theme
		ADDED from src\main\AndroidManifest.xml:40:9-40
	tools:replace
		ADDED from src\main\AndroidManifest.xml:41:9-37
	android:name
		ADDED from src\main\AndroidManifest.xml:35:9-28
activity#com.sherdle.universal.MainActivity
ADDED from src\main\AndroidManifest.xml:44:9-53:20
	android:label
		ADDED from src\main\AndroidManifest.xml:47:13-45
	android:configChanges
		ADDED from src\main\AndroidManifest.xml:46:13-59
	android:name
		ADDED from src\main\AndroidManifest.xml:45:13-41
intent-filter#action:name:android.intent.action.MAIN+category:name:android.intent.category.LAUNCHER
ADDED from src\main\AndroidManifest.xml:48:13-52:29
action#android.intent.action.MAIN
ADDED from src\main\AndroidManifest.xml:49:17-69
	android:name
		ADDED from src\main\AndroidManifest.xml:49:25-66
category#android.intent.category.LAUNCHER
ADDED from src\main\AndroidManifest.xml:51:17-77
	android:name
		ADDED from src\main\AndroidManifest.xml:51:27-74
activity#com.sherdle.universal.providers.rss.ui.RssDetailActivity
ADDED from src\main\AndroidManifest.xml:54:9-72
	android:name
		ADDED from src\main\AndroidManifest.xml:54:19-69
activity#com.sherdle.universal.providers.youtube.ui.YoutubeDetailActivity
ADDED from src\main\AndroidManifest.xml:55:9-80
	android:name
		ADDED from src\main\AndroidManifest.xml:55:19-77
activity#com.sherdle.universal.providers.wordpress.ui.WordpressDetailActivity
ADDED from src\main\AndroidManifest.xml:56:9-84
	android:name
		ADDED from src\main\AndroidManifest.xml:56:19-81
activity#com.sherdle.universal.providers.woocommerce.ui.ProductActivity
ADDED from src\main\AndroidManifest.xml:57:9-78
	android:name
		ADDED from src\main\AndroidManifest.xml:57:19-75
activity#com.sherdle.universal.comments.CommentsActivity
ADDED from src\main\AndroidManifest.xml:58:9-60:62
	android:configChanges
		ADDED from src\main\AndroidManifest.xml:60:13-59
	android:name
		ADDED from src\main\AndroidManifest.xml:59:13-54
activity#com.sherdle.universal.HolderActivity
ADDED from src\main\AndroidManifest.xml:61:9-63:62
	android:configChanges
		ADDED from src\main\AndroidManifest.xml:63:13-59
	android:name
		ADDED from src\main\AndroidManifest.xml:62:13-43
activity#com.sherdle.universal.attachmentviewer.ui.AttachmentActivity
ADDED from src\main\AndroidManifest.xml:64:9-66:62
	android:configChanges
		ADDED from src\main\AndroidManifest.xml:66:13-59
	android:name
		ADDED from src\main\AndroidManifest.xml:65:13-67
activity#com.sherdle.universal.attachmentviewer.ui.AudioPlayerActivity
ADDED from src\main\AndroidManifest.xml:67:9-69:62
	android:configChanges
		ADDED from src\main\AndroidManifest.xml:69:13-59
	android:name
		ADDED from src\main\AndroidManifest.xml:68:13-68
activity#com.sherdle.universal.attachmentviewer.ui.VideoPlayerActivity
ADDED from src\main\AndroidManifest.xml:70:9-72:62
	android:configChanges
		ADDED from src\main\AndroidManifest.xml:72:13-59
	android:name
		ADDED from src\main\AndroidManifest.xml:71:13-68
activity#com.sherdle.universal.providers.woocommerce.ui.CheckoutActivity
ADDED from src\main\AndroidManifest.xml:73:9-75:62
	android:configChanges
		ADDED from src\main\AndroidManifest.xml:75:13-59
	android:name
		ADDED from src\main\AndroidManifest.xml:74:13-70
activity#com.sherdle.universal.providers.woocommerce.ui.WooCommerceLoginActivity
ADDED from src\main\AndroidManifest.xml:76:9-79:71
	android:configChanges
		ADDED from src\main\AndroidManifest.xml:78:13-59
	android:theme
		ADDED from src\main\AndroidManifest.xml:79:13-69
	android:name
		ADDED from src\main\AndroidManifest.xml:77:13-78
activity#com.sherdle.universal.providers.tumblr.ui.TumblrPagerActivity
ADDED from src\main\AndroidManifest.xml:80:9-82:69
	android:theme
		ADDED from src\main\AndroidManifest.xml:82:13-66
	android:name
		ADDED from src\main\AndroidManifest.xml:81:13-68
activity#com.sherdle.universal.providers.youtube.player.YouTubePlayerActivity
ADDED from src\main\AndroidManifest.xml:83:9-87:80
	android:screenOrientation
		ADDED from src\main\AndroidManifest.xml:86:13-47
	android:configChanges
		ADDED from src\main\AndroidManifest.xml:85:13-74
	android:theme
		ADDED from src\main\AndroidManifest.xml:87:13-77
	android:name
		ADDED from src\main\AndroidManifest.xml:84:13-75
activity#com.google.android.gms.ads.AdActivity
ADDED from src\main\AndroidManifest.xml:88:9-91:64
MERGED from [com.google.android.gms:play-services-ads-lite:15.0.0] AndroidManifest.xml:29:9-33:64
MERGED from [com.google.android.gms:play-services-ads-lite:15.0.0] AndroidManifest.xml:29:9-33:64
	android:exported
		ADDED from [com.google.android.gms:play-services-ads-lite:15.0.0] AndroidManifest.xml:32:13-37
	android:configChanges
		ADDED from src\main\AndroidManifest.xml:90:13-122
	android:theme
		ADDED from src\main\AndroidManifest.xml:91:13-61
	android:name
		ADDED from src\main\AndroidManifest.xml:89:13-65
activity#com.google.android.gms.oss.licenses.OssLicensesMenuActivity
ADDED from src\main\AndroidManifest.xml:92:9-93:76
MERGED from [com.google.android.gms:play-services-oss-licenses:15.0.0] AndroidManifest.xml:23:9-25:57
MERGED from [com.google.android.gms:play-services-oss-licenses:15.0.0] AndroidManifest.xml:23:9-25:57
	android:label
		ADDED from [com.google.android.gms:play-services-oss-licenses:15.0.0] AndroidManifest.xml:25:13-54
	android:theme
		ADDED from src\main\AndroidManifest.xml:93:13-74
	android:name
		ADDED from src\main\AndroidManifest.xml:92:19-93
activity#com.google.android.gms.oss.licenses.OssLicensesActivity
ADDED from src\main\AndroidManifest.xml:94:9-95:76
MERGED from [com.google.android.gms:play-services-oss-licenses:15.0.0] AndroidManifest.xml:26:9-92
MERGED from [com.google.android.gms:play-services-oss-licenses:15.0.0] AndroidManifest.xml:26:9-92
	android:theme
		ADDED from src\main\AndroidManifest.xml:95:13-74
	android:name
		ADDED from src\main\AndroidManifest.xml:94:19-89
service#com.sherdle.universal.providers.soundcloud.player.player.PlaybackService
ADDED from src\main\AndroidManifest.xml:98:9-100:40
	android:exported
		ADDED from src\main\AndroidManifest.xml:100:13-37
	android:name
		ADDED from src\main\AndroidManifest.xml:99:13-79
service#com.sherdle.universal.providers.radio.player.RadioService
ADDED from src\main\AndroidManifest.xml:101:9-72
	android:name
		ADDED from src\main\AndroidManifest.xml:101:18-69
service#com.sherdle.universal.attachmentviewer.MusicService
ADDED from src\main\AndroidManifest.xml:102:9-66
	android:name
		ADDED from src\main\AndroidManifest.xml:102:18-63
receiver#android.support.v4.media.session.MediaButtonReceiver
ADDED from src\main\AndroidManifest.xml:110:9-114:20
	android:name
		ADDED from src\main\AndroidManifest.xml:110:19-86
intent-filter#action:name:android.intent.action.MEDIA_BUTTON
ADDED from src\main\AndroidManifest.xml:111:13-113:29
action#android.intent.action.MEDIA_BUTTON
ADDED from src\main\AndroidManifest.xml:112:17-77
	android:name
		ADDED from src\main\AndroidManifest.xml:112:25-74
receiver#com.sherdle.universal.providers.soundcloud.player.player.PlayerReceiver
ADDED from src\main\AndroidManifest.xml:115:9-119:20
	android:name
		ADDED from src\main\AndroidManifest.xml:115:19-84
intent-filter#action:name:android.media.AUDIO_BECOMING_NOISY
ADDED from src\main\AndroidManifest.xml:116:13-118:29
action#android.media.AUDIO_BECOMING_NOISY
ADDED from src\main\AndroidManifest.xml:117:17-77
	android:name
		ADDED from src\main\AndroidManifest.xml:117:25-74
receiver#com.sherdle.universal.providers.soundcloud.player.media.MediaSessionReceiver
ADDED from src\main\AndroidManifest.xml:120:9-124:20
	android:name
		ADDED from src\main\AndroidManifest.xml:120:19-89
meta-data#com.onesignal.NotificationOpened.DEFAULT
ADDED from src\main\AndroidManifest.xml:127:9-129:39
	android:value
		ADDED from src\main\AndroidManifest.xml:129:13-36
	android:name
		ADDED from src\main\AndroidManifest.xml:128:13-68
meta-data#com.google.android.gms.version
ADDED from src\main\AndroidManifest.xml:130:9-132:69
MERGED from [com.google.android.gms:play-services-basement:15.0.0] AndroidManifest.xml:23:9-25:69
MERGED from [com.google.android.gms:play-services-basement:15.0.0] AndroidManifest.xml:23:9-25:69
MERGED from [com.google.maps.android:android-maps-utils:0.5] AndroidManifest.xml:8:9-10:69
MERGED from [com.google.maps.android:android-maps-utils:0.5] AndroidManifest.xml:8:9-10:69
	android:value
		ADDED from src\main\AndroidManifest.xml:132:13-66
	android:name
		ADDED from src\main\AndroidManifest.xml:131:13-58
meta-data#com.google.android.maps.v2.API_KEY
ADDED from src\main\AndroidManifest.xml:133:9-135:58
	android:value
		ADDED from src\main\AndroidManifest.xml:135:13-55
	android:name
		ADDED from src\main\AndroidManifest.xml:134:13-62
uses-sdk
INJECTED from src\main\AndroidManifest.xml reason: use-sdk injection requested
INJECTED from src\main\AndroidManifest.xml
INJECTED from src\main\AndroidManifest.xml
MERGED from [com.devbrackets.android:exomedia:4.0.3] AndroidManifest.xml:8:5-10:41
MERGED from [com.devbrackets.android:exomedia:4.0.3] AndroidManifest.xml:8:5-10:41
MERGED from [com.google.android.exoplayer:exoplayer:r2.4.3] AndroidManifest.xml:21:5-23:41
MERGED from [com.google.android.exoplayer:exoplayer:r2.4.3] AndroidManifest.xml:21:5-23:41
MERGED from [com.cleveroad:audiovisualization:1.0.0] AndroidManifest.xml:8:5-10:41
MERGED from [com.cleveroad:audiovisualization:1.0.0] AndroidManifest.xml:8:5-10:41
MERGED from [com.squareup.picasso:picasso:2.71828] AndroidManifest.xml:5:5-44
MERGED from [com.squareup.picasso:picasso:2.71828] AndroidManifest.xml:5:5-44
MERGED from [com.onesignal:OneSignal:3.15.0] AndroidManifest.xml:4:5-44
MERGED from [com.onesignal:OneSignal:3.15.0] AndroidManifest.xml:4:5-44
MERGED from [com.duolingo.open:rtl-viewpager:1.0.2] AndroidManifest.xml:21:5-23:41
MERGED from [com.duolingo.open:rtl-viewpager:1.0.2] AndroidManifest.xml:21:5-23:41
MERGED from [com.github.chrisbanes:PhotoView:1.3.0] AndroidManifest.xml:8:5-10:41
MERGED from [com.github.chrisbanes:PhotoView:1.3.0] AndroidManifest.xml:8:5-10:41
MERGED from [com.android.support:multidex:1.0.3] AndroidManifest.xml:20:5-43
MERGED from [com.android.support:multidex:1.0.3] AndroidManifest.xml:20:5-43
MERGED from [com.android.support:cardview-v7:27.1.1] AndroidManifest.xml:20:5-44
MERGED from [com.android.support:cardview-v7:27.1.1] AndroidManifest.xml:20:5-44
MERGED from [com.android.support:design:27.1.1] AndroidManifest.xml:20:5-44
MERGED from [com.android.support:design:27.1.1] AndroidManifest.xml:20:5-44
MERGED from [com.google.android.gms:play-services-oss-licenses:15.0.0] AndroidManifest.xml:20:5-44
MERGED from [com.google.android.gms:play-services-oss-licenses:15.0.0] AndroidManifest.xml:20:5-44
MERGED from [com.android.support:appcompat-v7:27.1.1] AndroidManifest.xml:20:5-44
MERGED from [com.android.support:appcompat-v7:27.1.1] AndroidManifest.xml:20:5-44
MERGED from [com.android.support:recyclerview-v7:27.1.1] AndroidManifest.xml:20:5-44
MERGED from [com.android.support:recyclerview-v7:27.1.1] AndroidManifest.xml:20:5-44
MERGED from [com.google.android.gms:play-services-gcm:15.0.0] AndroidManifest.xml:20:5-44
MERGED from [com.google.android.gms:play-services-gcm:15.0.0] AndroidManifest.xml:20:5-44
MERGED from [com.google.android.gms:play-services-ads:15.0.0] AndroidManifest.xml:21:5-23:62
MERGED from [com.google.android.gms:play-services-ads:15.0.0] AndroidManifest.xml:21:5-23:62
MERGED from [com.google.android.gms:play-services-maps:15.0.0] AndroidManifest.xml:20:5-44
MERGED from [com.google.android.gms:play-services-maps:15.0.0] AndroidManifest.xml:20:5-44
MERGED from [com.google.firebase:firebase-messaging:15.0.0] AndroidManifest.xml:20:5-44
MERGED from [com.google.firebase:firebase-messaging:15.0.0] AndroidManifest.xml:20:5-44
MERGED from [com.google.android.gms:play-services-location:15.0.0] AndroidManifest.xml:5:5-44
MERGED from [com.google.android.gms:play-services-location:15.0.0] AndroidManifest.xml:5:5-44
MERGED from [com.google.firebase:firebase-analytics-impl:15.0.0] AndroidManifest.xml:20:5-44
MERGED from [com.google.firebase:firebase-analytics-impl:15.0.0] AndroidManifest.xml:20:5-44
MERGED from [com.google.android.gms:play-services-ads-identifier:15.0.0] AndroidManifest.xml:20:5-44
MERGED from [com.google.android.gms:play-services-ads-identifier:15.0.0] AndroidManifest.xml:20:5-44
MERGED from [com.google.android.gms:play-services-iid:15.0.0] AndroidManifest.xml:20:5-44
MERGED from [com.google.android.gms:play-services-iid:15.0.0] AndroidManifest.xml:20:5-44
MERGED from [com.google.android.gms:play-services-base:15.0.0] AndroidManifest.xml:20:5-44
MERGED from [com.google.android.gms:play-services-base:15.0.0] AndroidManifest.xml:20:5-44
MERGED from [com.google.firebase:firebase-iid:15.0.0] AndroidManifest.xml:20:5-44
MERGED from [com.google.firebase:firebase-iid:15.0.0] AndroidManifest.xml:20:5-44
MERGED from [com.google.android.gms:play-services-stats:15.0.0] AndroidManifest.xml:5:5-44
MERGED from [com.google.android.gms:play-services-stats:15.0.0] AndroidManifest.xml:5:5-44
MERGED from [com.google.android.gms:play-services-ads-lite:15.0.0] AndroidManifest.xml:20:5-44
MERGED from [com.google.android.gms:play-services-ads-lite:15.0.0] AndroidManifest.xml:20:5-44
MERGED from [com.google.android.gms:play-services-gass:15.0.0] AndroidManifest.xml:5:5-44
MERGED from [com.google.android.gms:play-services-gass:15.0.0] AndroidManifest.xml:5:5-44
MERGED from [com.google.firebase:firebase-common:15.0.0] AndroidManifest.xml:5:5-44